[config] numThr=12 gpuMode=3 (CUDA=1 iGPU=1) diffT=0.100 pixT=32768 res=1920x1080 frames=100 quiet=1 save=1 viz=0 vizFrame=-1
[iGPU] enumerating OpenCL GPU devices:
         platform 0 device 0: Intel(R) UHD Graphics 630 [Intel(R) Corporation]
         platform 1 device 0: NVIDIA GeForce GTX 1660 Ti with Max-Q Design [NVIDIA Corporation]
[iGPU] selected device: Intel(R) UHD Graphics 630
[CPU profiling summary - this thread]
  Regions computed on CPU : 285
  Total compute time      : 26398.816 ms  (avg 92.627 ms/region)
[iGPU profiling summary]
  Regions computed on iGPU : 990
  Total kernel time        : 20947.050 ms  (avg 21.159 ms/region)
  Total D->H read time     : 14.445 ms  (avg 0.015 ms/region)
[CPU profiling summary - this thread]
  Regions computed on CPU : 259
  Total compute time      : 26001.468 ms  (avg 100.392 ms/region)
[CPU profiling summary - this thread]
  Regions computed on CPU : 320
  Total compute time      : 26705.265 ms  (avg 83.454 ms/region)
[CPU profiling summary - this thread]
  Regions computed on CPU : 299
  Total compute time      : 26351.325 ms  (avg 88.132 ms/region)
[CPU profiling summary - this thread]
  Regions computed on CPU : 328
  Total compute time      : 27178.602 ms  (avg 82.862 ms/region)
[CPU profiling summary - this thread]
  Regions computed on CPU : 245
  Total compute time      : 25958.079 ms  (avg 105.951 ms/region)
[CPU profiling summary - this thread]
  Regions computed on CPU : 278
  Total compute time      : 26782.708 ms  (avg 96.341 ms/region)
[GPU profiling summary]
  Regions computed on GPU : 1671
  Total kernel time       : 20839.291 ms  (avg 12.471 ms/region)
  Total D→H memcpy time   : 230.180 ms  (avg 0.138 ms/region)
[CPU profiling summary - this thread]
  Regions computed on CPU : 301
  Total compute time      : 26053.274 ms  (avg 86.556 ms/region)
[CPU profiling summary - this thread]
  Regions computed on CPU : 308
  Total compute time      : 26624.057 ms  (avg 86.442 ms/region)
[CPU profiling summary - this thread]
  Regions computed on CPU : 324
  Total compute time      : 27078.989 ms  (avg 83.577 ms/region)
[total_elapsed_s] 27.981335
