[config] numThr=12 gpuMode=3 (CUDA=1 iGPU=1) diffT=0.100 pixT=32768 res=1920x1080 frames=100 quiet=1 save=1 viz=0 vizFrame=-1
[iGPU] enumerating OpenCL GPU devices:
         platform 0 device 0: Intel(R) UHD Graphics 630 [Intel(R) Corporation]
         platform 1 device 0: NVIDIA GeForce GTX 1660 Ti with Max-Q Design [NVIDIA Corporation]
[iGPU] selected device: Intel(R) UHD Graphics 630
[CPU profiling summary - this thread]
  Regions computed on CPU : 288
  Total compute time      : 26334.966 ms  (avg 91.441 ms/region)
[GPU profiling summary]
  Regions computed on GPU : 1738
  Total kernel time       : 21428.553 ms  (avg 12.329 ms/region)
  Total D→H memcpy time   : 90.782 ms  (avg 0.052 ms/region)
[CPU profiling summary - this thread]
  Regions computed on CPU : 289
  Total compute time      : 27017.155 ms  (avg 93.485 ms/region)
[iGPU profiling summary]
  Regions computed on iGPU : 1036
  Total kernel time        : 20881.177 ms  (avg 20.156 ms/region)
  Total D->H read time     : 15.237 ms  (avg 0.015 ms/region)
[CPU profiling summary - this thread]
  Regions computed on CPU : 265
  Total compute time      : 26191.425 ms  (avg 98.836 ms/region)
[CPU profiling summary - this thread]
  Regions computed on CPU : 217
  Total compute time      : 27054.166 ms  (avg 124.674 ms/region)
[CPU profiling summary - this thread]
  Regions computed on CPU : 319
  Total compute time      : 25915.602 ms  (avg 81.240 ms/region)
[CPU profiling summary - this thread]
  Regions computed on CPU : 267
  Total compute time      : 26290.570 ms  (avg 98.467 ms/region)
[CPU profiling summary - this thread]
  Regions computed on CPU : 291
  Total compute time      : 27681.882 ms  (avg 95.127 ms/region)
[CPU profiling summary - this thread]
  Regions computed on CPU : 331
  Total compute time      : 27179.860 ms  (avg 82.114 ms/region)
[CPU profiling summary - this thread]
  Regions computed on CPU : 297
  Total compute time      : 27132.126 ms  (avg 91.354 ms/region)
[CPU profiling summary - this thread]
  Regions computed on CPU : 270
  Total compute time      : 25264.402 ms  (avg 93.572 ms/region)
[total_elapsed_s] 28.194188
