[config] numThr=12 gpuEnable=0 diffT=0.300 pixT=32768 res=1920x1080 frames=100 quiet=1 save=1
[CPU profiling summary - this thread]
  Regions computed on CPU : 450
  Total compute time      : 161287.588 ms  (avg 358.417 ms/region)
[CPU profiling summary - this thread]
  Regions computed on CPU : 457
  Total compute time      : 160883.147 ms  (avg 352.042 ms/region)
[CPU profiling summary - this thread]
  Regions computed on CPU : 475
  Total compute time      : 161647.635 ms  (avg 340.311 ms/region)
[CPU profiling summary - this thread]
  Regions computed on CPU : 491
  Total compute time      : 161230.353 ms  (avg 328.371 ms/region)
[CPU profiling summary - this thread]
  Regions computed on CPU : 373
  Total compute time      : 161531.725 ms  (avg 433.061 ms/region)
[CPU profiling summary - this thread]
  Regions computed on CPU : 402
  Total compute time      : 162010.324 ms  (avg 403.011 ms/region)
[CPU profiling summary - this thread]
  Regions computed on CPU : 377
  Total compute time      : 161081.986 ms  (avg 427.273 ms/region)
[CPU profiling summary - this thread]
  Regions computed on CPU : 485
  Total compute time      : 161198.352 ms  (avg 332.368 ms/region)
[CPU profiling summary - this thread]
  Regions computed on CPU : 479
  Total compute time      : 161330.724 ms  (avg 336.807 ms/region)
[CPU profiling summary - this thread]
  Regions computed on CPU : 507
  Total compute time      : 161373.983 ms  (avg 318.292 ms/region)
[CPU profiling summary - this thread]
  Regions computed on CPU : 414
  Total compute time      : 162176.316 ms  (avg 391.730 ms/region)
[CPU profiling summary - this thread]
  Regions computed on CPU : 380
  Total compute time      : 161680.434 ms  (avg 425.475 ms/region)
[total_elapsed_s] 163.564179
