[config] numThr=12 gpuEnable=0 diffT=0.300 pixT=32768 res=1920x1080 frames=100 quiet=1 save=1
[CPU profiling summary - this thread]
  Regions computed on CPU : 447
  Total compute time      : 158968.018 ms  (avg 355.633 ms/region)
[CPU profiling summary - this thread]
  Regions computed on CPU : 417
  Total compute time      : 159668.269 ms  (avg 382.898 ms/region)
[CPU profiling summary - this thread]
  Regions computed on CPU : 442
  Total compute time      : 157805.565 ms  (avg 357.026 ms/region)
[CPU profiling summary - this thread]
  Regions computed on CPU : 451
  Total compute time      : 159614.082 ms  (avg 353.911 ms/region)
[CPU profiling summary - this thread]
  Regions computed on CPU : 487
  Total compute time      : 159119.878 ms  (avg 326.735 ms/region)
[CPU profiling summary - this thread]
  Regions computed on CPU : 474
  Total compute time      : 160178.871 ms  (avg 337.930 ms/region)
[CPU profiling summary - this thread]
  Regions computed on CPU : 453
  Total compute time      : 160178.901 ms  (avg 353.596 ms/region)
[CPU profiling summary - this thread]
  Regions computed on CPU : 460
  Total compute time      : 159206.382 ms  (avg 346.101 ms/region)
[CPU profiling summary - this thread]
  Regions computed on CPU : 361
  Total compute time      : 159575.121 ms  (avg 442.036 ms/region)
[CPU profiling summary - this thread]
  Regions computed on CPU : 502
  Total compute time      : 159527.622 ms  (avg 317.784 ms/region)
[CPU profiling summary - this thread]
  Regions computed on CPU : 458
  Total compute time      : 160299.172 ms  (avg 349.998 ms/region)
[CPU profiling summary - this thread]
  Regions computed on CPU : 338
  Total compute time      : 160601.987 ms  (avg 475.154 ms/region)
[total_elapsed_s] 161.735224
