[config] numThr=12 gpuEnable=0 diffT=0.200 pixT=32768 res=1920x1080 frames=100 quiet=1 save=1
[CPU profiling summary - this thread]
  Regions computed on CPU : 495
  Total compute time      : 159767.677 ms  (avg 322.763 ms/region)
[CPU profiling summary - this thread]
  Regions computed on CPU : 367
  Total compute time      : 160860.243 ms  (avg 438.311 ms/region)
[CPU profiling summary - this thread]
  Regions computed on CPU : 391
  Total compute time      : 160798.208 ms  (avg 411.249 ms/region)
[CPU profiling summary - this thread]
  Regions computed on CPU : 450
  Total compute time      : 160159.457 ms  (avg 355.910 ms/region)
[CPU profiling summary - this thread]
  Regions computed on CPU : 341
  Total compute time      : 160920.751 ms  (avg 471.908 ms/region)
[CPU profiling summary - this thread]
  Regions computed on CPU : 442
  Total compute time      : 160995.602 ms  (avg 364.243 ms/region)
[CPU profiling summary - this thread]
  Regions computed on CPU : 444
  Total compute time      : 161346.458 ms  (avg 363.393 ms/region)
[CPU profiling summary - this thread]
  Regions computed on CPU : 456
  Total compute time      : 161010.718 ms  (avg 353.094 ms/region)
[CPU profiling summary - this thread]
  Regions computed on CPU : 552
  Total compute time      : 160679.042 ms  (avg 291.085 ms/region)
[CPU profiling summary - this thread]
  Regions computed on CPU : 419
  Total compute time      : 160708.140 ms  (avg 383.552 ms/region)
[CPU profiling summary - this thread]
  Regions computed on CPU : 452
  Total compute time      : 161097.676 ms  (avg 356.411 ms/region)
[CPU profiling summary - this thread]
  Regions computed on CPU : 511
  Total compute time      : 161197.684 ms  (avg 315.455 ms/region)
[total_elapsed_s] 162.776077
