[config] numThr=12 gpuEnable=1 diffT=0.050 pixT=32768 res=1920x1080 frames=100 quiet=1 save=1
[GPU profiling summary]
  Regions computed on GPU : 3890
  Total kernel time       : 46635.209 ms  (avg 11.988 ms/region)
  Total D→H memcpy time   : 216.100 ms  (avg 0.056 ms/region)
[CPU profiling summary - this thread]
  Regions computed on CPU : 77
  Total compute time      : 51653.857 ms  (avg 670.829 ms/region)
[CPU profiling summary - this thread]
  Regions computed on CPU : 141
  Total compute time      : 51929.261 ms  (avg 368.293 ms/region)
[CPU profiling summary - this thread]
  Regions computed on CPU : 104
  Total compute time      : 52062.447 ms  (avg 500.600 ms/region)
[CPU profiling summary - this thread]
  Regions computed on CPU : 151
  Total compute time      : 51346.329 ms  (avg 340.042 ms/region)
[CPU profiling summary - this thread]
  Regions computed on CPU : 137
  Total compute time      : 51438.776 ms  (avg 375.466 ms/region)
[CPU profiling summary - this thread]
  Regions computed on CPU : 163
  Total compute time      : 52168.809 ms  (avg 320.054 ms/region)
[CPU profiling summary - this thread]
  Regions computed on CPU : 127
  Total compute time      : 51743.157 ms  (avg 407.426 ms/region)
[CPU profiling summary - this thread]
  Regions computed on CPU : 157
  Total compute time      : 52881.023 ms  (avg 336.822 ms/region)
[CPU profiling summary - this thread]
  Regions computed on CPU : 168
  Total compute time      : 54233.205 ms  (avg 322.817 ms/region)
[CPU profiling summary - this thread]
  Regions computed on CPU : 101
  Total compute time      : 53212.320 ms  (avg 526.855 ms/region)
[CPU profiling summary - this thread]
  Regions computed on CPU : 107
  Total compute time      : 53267.888 ms  (avg 497.831 ms/region)
[total_elapsed_s] 55.199773
