[config] numThr=12 gpuEnable=1 diffT=0.100 pixT=32768 res=1920x1080 frames=100 quiet=1 save=0 viz=3 vizFrame=0
[OUTLIER] frame=73 depth=1 img=(0,0) px=960x540 c=[-0.511800,-0.346601]..[-0.093736,-0.599931] corners=7327/7327/7327/7327 spread=0 meanIter=7131.2 inset=97.3% cardioidBulb=0 ms=13581.9
[OUTLIER] frame=89 depth=1 img=(0,0) px=960x540 c=[-0.207537,-0.628596]..[-0.037215,-0.731805] corners=8911/8911/8911/8911 spread=0 meanIter=7551.2 inset=84.4% cardioidBulb=0 ms=14532.1
[GPU profiling summary]
  Regions computed on GPU : 3974
  Total kernel time       : 46263.945 ms  (avg 11.642 ms/region)
  Total D→H memcpy time   : 355.978 ms  (avg 0.090 ms/region)
[CPU profiling summary - this thread]
  Regions computed on CPU : 126
  Total compute time      : 50822.926 ms  (avg 403.357 ms/region)
[CPU profiling summary - this thread]
  Regions computed on CPU : 142
  Total compute time      : 50918.767 ms  (avg 358.583 ms/region)
[CPU profiling summary - this thread]
  Regions computed on CPU : 127
  Total compute time      : 51040.300 ms  (avg 401.892 ms/region)
[CPU profiling summary - this thread]
  Regions computed on CPU : 147
  Total compute time      : 51078.419 ms  (avg 347.472 ms/region)
[CPU profiling summary - this thread]
  Regions computed on CPU : 126
  Total compute time      : 51127.097 ms  (avg 405.771 ms/region)
[CPU profiling summary - this thread]
  Regions computed on CPU : 70
  Total compute time      : 51186.890 ms  (avg 731.241 ms/region)
[CPU profiling summary - this thread]
  Regions computed on CPU : 123
  Total compute time      : 51459.462 ms  (avg 418.370 ms/region)
[CPU profiling summary - this thread]
  Regions computed on CPU : 136
  Total compute time      : 51465.258 ms  (avg 378.421 ms/region)
[CPU profiling summary - this thread]
  Regions computed on CPU : 92
  Total compute time      : 51471.294 ms  (avg 559.471 ms/region)
[CPU profiling summary - this thread]
  Regions computed on CPU : 91
  Total compute time      : 51595.834 ms  (avg 566.987 ms/region)
[CPU profiling summary - this thread]
  Regions computed on CPU : 169
  Total compute time      : 51683.250 ms  (avg 305.818 ms/region)
[total_elapsed_s] 51.687020
[viz] wrote 391 process frames across 100 run frames (7064 subdivision nodes total)
