[config] numThr=12 gpuEnable=0 diffT=0.100 pixT=32768 res=1920x1080 frames=100 quiet=1 save=0 viz=0 vizFrame=-1
[OUTLIER] frame=94 depth=2 img=(0,0) px=480x270 c=[-0.112455,-0.716720]..[-0.066052,-0.744815] corners=9406/9406/9406/9406 spread=0 meanIter=9406.0 inset=100.0% cardioidBulb=0 ms=5067.5
[OUTLIER] frame=73 depth=1 img=(0,0) px=960x540 c=[-0.511800,-0.346601]..[-0.093736,-0.599931] corners=7327/7327/7327/7327 spread=0 meanIter=7131.2 inset=97.3% cardioidBulb=0 ms=14270.0
[CPU profiling summary - this thread]
  Regions computed on CPU : 456
  Total compute time      : 155839.283 ms  (avg 341.753 ms/region)
[CPU profiling summary - this thread]
  Regions computed on CPU : 450
  Total compute time      : 155841.043 ms  (avg 346.313 ms/region)
[CPU profiling summary - this thread]
  Regions computed on CPU : 413
  Total compute time      : 155840.134 ms  (avg 377.337 ms/region)
[CPU profiling summary - this thread]
  Regions computed on CPU : 486
  Total compute time      : 155895.176 ms  (avg 320.772 ms/region)
[CPU profiling summary - this thread]
  Regions computed on CPU : 478
  Total compute time      : 156054.883 ms  (avg 326.475 ms/region)
[CPU profiling summary - this thread]
  Regions computed on CPU : 601
  Total compute time      : 156062.100 ms  (avg 259.671 ms/region)
[CPU profiling summary - this thread]
  Regions computed on CPU : 450
  Total compute time      : 156128.099 ms  (avg 346.951 ms/region)
[CPU profiling summary - this thread]
  Regions computed on CPU : 491
  Total compute time      : 156227.686 ms  (avg 318.183 ms/region)
[CPU profiling summary - this thread]
  Regions computed on CPU : 392
  Total compute time      : 156287.908 ms  (avg 398.694 ms/region)
[CPU profiling summary - this thread]
  Regions computed on CPU : 457
  Total compute time      : 156379.232 ms  (avg 342.187 ms/region)
[CPU profiling summary - this thread]
  Regions computed on CPU : 446
  Total compute time      : 156619.002 ms  (avg 351.164 ms/region)
[CPU profiling summary - this thread]
  Regions computed on CPU : 488
  Total compute time      : 156659.183 ms  (avg 321.023 ms/region)
[total_elapsed_s] 156.694567
