[config] numThr=12 gpuEnable=1 diffT=0.100 pixT=32768 res=1920x1080 frames=100 quiet=1 save=0 viz=0 vizFrame=-1
[OUTLIER] frame=73 depth=1 img=(0,0) px=960x540 c=[-0.511800,-0.346601]..[-0.093736,-0.599931] corners=7327/7327/7327/7327 spread=0 meanIter=7131.2 inset=97.3% cardioidBulb=0 ms=14352.7
[GPU profiling summary]
  Regions computed on GPU : 4287
  Total kernel time       : 46183.863 ms  (avg 10.773 ms/region)
  Total D→H memcpy time   : 107.165 ms  (avg 0.025 ms/region)
[CPU profiling summary - this thread]
  Regions computed on CPU : 105
  Total compute time      : 50316.429 ms  (avg 479.204 ms/region)
[CPU profiling summary - this thread]
  Regions computed on CPU : 125
  Total compute time      : 50427.065 ms  (avg 403.417 ms/region)
[CPU profiling summary - this thread]
  Regions computed on CPU : 138
  Total compute time      : 50503.244 ms  (avg 365.966 ms/region)
[CPU profiling summary - this thread]
  Regions computed on CPU : 92
  Total compute time      : 50514.220 ms  (avg 549.068 ms/region)
[CPU profiling summary - this thread]
  Regions computed on CPU : 142
  Total compute time      : 50750.650 ms  (avg 357.399 ms/region)
[CPU profiling summary - this thread]
  Regions computed on CPU : 115
  Total compute time      : 50886.033 ms  (avg 442.487 ms/region)
[CPU profiling summary - this thread]
  Regions computed on CPU : 125
  Total compute time      : 51052.192 ms  (avg 408.418 ms/region)
[CPU profiling summary - this thread]
  Regions computed on CPU : 152
  Total compute time      : 51069.751 ms  (avg 335.985 ms/region)
[CPU profiling summary - this thread]
  Regions computed on CPU : 117
  Total compute time      : 51092.461 ms  (avg 436.688 ms/region)
[CPU profiling summary - this thread]
  Regions computed on CPU : 125
  Total compute time      : 51165.528 ms  (avg 409.324 ms/region)
[CPU profiling summary - this thread]
  Regions computed on CPU : 85
  Total compute time      : 51196.910 ms  (avg 602.317 ms/region)
[total_elapsed_s] 51.207111
