[config] numThr=12 gpuEnable=0 diffT=0.300 pixT=32768 res=1920x1080 frames=100 quiet=1 save=1
[CPU profiling summary - this thread]
  Regions computed on CPU : 464
  Total compute time      : 158931.702 ms  (avg 342.525 ms/region)
[CPU profiling summary - this thread]
  Regions computed on CPU : 468
  Total compute time      : 158998.859 ms  (avg 339.741 ms/region)
[CPU profiling summary - this thread]
  Regions computed on CPU : 485
  Total compute time      : 158847.683 ms  (avg 327.521 ms/region)
[CPU profiling summary - this thread]
  Regions computed on CPU : 408
  Total compute time      : 159137.836 ms  (avg 390.044 ms/region)
[CPU profiling summary - this thread]
  Regions computed on CPU : 518
  Total compute time      : 158919.871 ms  (avg 306.795 ms/region)
[CPU profiling summary - this thread]
  Regions computed on CPU : 464
  Total compute time      : 159728.460 ms  (avg 344.242 ms/region)
[CPU profiling summary - this thread]
  Regions computed on CPU : 377
  Total compute time      : 158355.198 ms  (avg 420.040 ms/region)
[CPU profiling summary - this thread]
  Regions computed on CPU : 437
  Total compute time      : 159293.758 ms  (avg 364.517 ms/region)
[CPU profiling summary - this thread]
  Regions computed on CPU : 442
  Total compute time      : 159949.969 ms  (avg 361.878 ms/region)
[CPU profiling summary - this thread]
  Regions computed on CPU : 482
  Total compute time      : 160364.629 ms  (avg 332.707 ms/region)
[CPU profiling summary - this thread]
  Regions computed on CPU : 407
  Total compute time      : 159541.140 ms  (avg 391.993 ms/region)
[CPU profiling summary - this thread]
  Regions computed on CPU : 338
  Total compute time      : 160577.402 ms  (avg 475.081 ms/region)
[total_elapsed_s] 161.426923
