[config] numThr=12 gpuEnable=1 diffT=0.100 pixT=32768 res=1920x1080 frames=100 quiet=1 save=0 viz=0 vizFrame=-1
[OUTLIER] frame=73 depth=1 img=(0,0) px=960x540 c=[-0.511800,-0.346601]..[-0.093736,-0.599931] corners=7327/7327/7327/7327 spread=0 meanIter=7131.2 inset=97.3% cardioidBulb=0 ms=13938.0
[GPU profiling summary]
  Regions computed on GPU : 4167
  Total kernel time       : 45439.186 ms  (avg 10.905 ms/region)
  Total D→H memcpy time   : 200.396 ms  (avg 0.048 ms/region)
[CPU profiling summary - this thread]
  Regions computed on CPU : 157
  Total compute time      : 49630.138 ms  (avg 316.116 ms/region)
[CPU profiling summary - this thread]
  Regions computed on CPU : 125
  Total compute time      : 49697.308 ms  (avg 397.578 ms/region)
[CPU profiling summary - this thread]
  Regions computed on CPU : 135
  Total compute time      : 49709.498 ms  (avg 368.219 ms/region)
[CPU profiling summary - this thread]
  Regions computed on CPU : 127
  Total compute time      : 49732.358 ms  (avg 391.593 ms/region)
[CPU profiling summary - this thread]
  Regions computed on CPU : 170
  Total compute time      : 49779.504 ms  (avg 292.821 ms/region)
[CPU profiling summary - this thread]
  Regions computed on CPU : 101
  Total compute time      : 50070.905 ms  (avg 495.752 ms/region)
[CPU profiling summary - this thread]
  Regions computed on CPU : 141
  Total compute time      : 50083.706 ms  (avg 355.204 ms/region)
[CPU profiling summary - this thread]
  Regions computed on CPU : 114
  Total compute time      : 50245.987 ms  (avg 440.754 ms/region)
[CPU profiling summary - this thread]
  Regions computed on CPU : 107
  Total compute time      : 50264.726 ms  (avg 469.764 ms/region)
[CPU profiling summary - this thread]
  Regions computed on CPU : 150
  Total compute time      : 50423.562 ms  (avg 336.157 ms/region)
[CPU profiling summary - this thread]
  Regions computed on CPU : 114
  Total compute time      : 50452.310 ms  (avg 442.564 ms/region)
[total_elapsed_s] 50.465949
