[config] numThr=12 gpuEnable=1 diffT=0.100 pixT=32768 res=1920x1080 frames=100 quiet=1 save=0 viz=0 vizFrame=-1
[OUTLIER] frame=73 depth=1 img=(0,0) px=960x540 c=[-0.511800,-0.346601]..[-0.093736,-0.599931] corners=7327/7327/7327/7327 spread=0 meanIter=7131.2 inset=97.3% cardioidBulb=0 ms=14431.0
[GPU profiling summary]
  Regions computed on GPU : 4014
  Total kernel time       : 45813.183 ms  (avg 11.413 ms/region)
  Total D→H memcpy time   : 99.278 ms  (avg 0.025 ms/region)
[CPU profiling summary - this thread]
  Regions computed on CPU : 153
  Total compute time      : 49640.923 ms  (avg 324.450 ms/region)
[CPU profiling summary - this thread]
  Regions computed on CPU : 147
  Total compute time      : 49715.003 ms  (avg 338.197 ms/region)
[CPU profiling summary - this thread]
  Regions computed on CPU : 135
  Total compute time      : 49764.369 ms  (avg 368.625 ms/region)
[CPU profiling summary - this thread]
  Regions computed on CPU : 163
  Total compute time      : 49986.982 ms  (avg 306.669 ms/region)
[CPU profiling summary - this thread]
  Regions computed on CPU : 136
  Total compute time      : 50035.102 ms  (avg 367.905 ms/region)
[CPU profiling summary - this thread]
  Regions computed on CPU : 126
  Total compute time      : 50040.314 ms  (avg 397.145 ms/region)
[CPU profiling summary - this thread]
  Regions computed on CPU : 135
  Total compute time      : 50177.414 ms  (avg 371.685 ms/region)
[CPU profiling summary - this thread]
  Regions computed on CPU : 129
  Total compute time      : 50179.499 ms  (avg 388.988 ms/region)
[CPU profiling summary - this thread]
  Regions computed on CPU : 137
  Total compute time      : 50226.086 ms  (avg 366.614 ms/region)
[CPU profiling summary - this thread]
  Regions computed on CPU : 183
  Total compute time      : 50237.013 ms  (avg 274.519 ms/region)
[CPU profiling summary - this thread]
  Regions computed on CPU : 150
  Total compute time      : 50414.752 ms  (avg 336.098 ms/region)
[total_elapsed_s] 50.429018
