[config] numThr=12 gpuEnable=0 diffT=0.300 pixT=32768 res=1920x1080 frames=100 quiet=1 save=1
[CPU profiling summary - this thread]
  Regions computed on CPU : 372
  Total compute time      : 161472.391 ms  (avg 434.066 ms/region)
[CPU profiling summary - this thread]
  Regions computed on CPU : 414
  Total compute time      : 160257.756 ms  (avg 387.096 ms/region)
[CPU profiling summary - this thread]
  Regions computed on CPU : 400
  Total compute time      : 161360.284 ms  (avg 403.401 ms/region)
[CPU profiling summary - this thread]
  Regions computed on CPU : 425
  Total compute time      : 160124.253 ms  (avg 376.763 ms/region)
[CPU profiling summary - this thread]
  Regions computed on CPU : 417
  Total compute time      : 161179.236 ms  (avg 386.521 ms/region)
[CPU profiling summary - this thread]
  Regions computed on CPU : 463
  Total compute time      : 160627.499 ms  (avg 346.928 ms/region)
[CPU profiling summary - this thread]
  Regions computed on CPU : 443
  Total compute time      : 159487.108 ms  (avg 360.016 ms/region)
[CPU profiling summary - this thread]
  Regions computed on CPU : 300
  Total compute time      : 161998.035 ms  (avg 539.993 ms/region)
[CPU profiling summary - this thread]
  Regions computed on CPU : 439
  Total compute time      : 161035.749 ms  (avg 366.824 ms/region)
[CPU profiling summary - this thread]
  Regions computed on CPU : 407
  Total compute time      : 162177.774 ms  (avg 398.471 ms/region)
[CPU profiling summary - this thread]
  Regions computed on CPU : 357
  Total compute time      : 161871.471 ms  (avg 453.421 ms/region)
[CPU profiling summary - this thread]
  Regions computed on CPU : 379
  Total compute time      : 162298.403 ms  (avg 428.228 ms/region)
[total_elapsed_s] 163.267487
