[config] numThr=12 gpuEnable=0 diffT=0.050 pixT=32768 res=1920x1080 frames=100 quiet=1 save=1
[CPU profiling summary - this thread]
  Regions computed on CPU : 398
  Total compute time      : 160915.262 ms  (avg 404.310 ms/region)
[CPU profiling summary - this thread]
  Regions computed on CPU : 455
  Total compute time      : 162228.476 ms  (avg 356.546 ms/region)
[CPU profiling summary - this thread]
  Regions computed on CPU : 327
  Total compute time      : 162367.445 ms  (avg 496.537 ms/region)
[CPU profiling summary - this thread]
  Regions computed on CPU : 489
  Total compute time      : 161237.355 ms  (avg 329.729 ms/region)
[CPU profiling summary - this thread]
  Regions computed on CPU : 474
  Total compute time      : 162085.669 ms  (avg 341.953 ms/region)
[CPU profiling summary - this thread]
  Regions computed on CPU : 329
  Total compute time      : 161249.621 ms  (avg 490.120 ms/region)
[CPU profiling summary - this thread]
  Regions computed on CPU : 372
  Total compute time      : 162882.788 ms  (avg 437.857 ms/region)
[CPU profiling summary - this thread]
  Regions computed on CPU : 391
  Total compute time      : 162747.423 ms  (avg 416.234 ms/region)
[CPU profiling summary - this thread]
  Regions computed on CPU : 463
  Total compute time      : 161652.057 ms  (avg 349.141 ms/region)
[CPU profiling summary - this thread]
  Regions computed on CPU : 349
  Total compute time      : 163212.960 ms  (avg 467.659 ms/region)
[CPU profiling summary - this thread]
  Regions computed on CPU : 355
  Total compute time      : 162166.754 ms  (avg 456.808 ms/region)
[CPU profiling summary - this thread]
  Regions computed on CPU : 498
  Total compute time      : 162687.156 ms  (avg 326.681 ms/region)
[total_elapsed_s] 164.370677
