[config] numThr=12 gpuMode=3 (CUDA=1 iGPU=1) diffT=0.100 pixT=32768 res=1920x1080 frames=100 quiet=1 save=0 viz=0 vizFrame=-1
[iGPU] enumerating OpenCL GPU devices:
         platform 0 device 0: Intel(R) UHD Graphics 630 [Intel(R) Corporation]
         platform 1 device 0: NVIDIA GeForce GTX 1660 Ti with Max-Q Design [NVIDIA Corporation]
[iGPU] selected device: Intel(R) UHD Graphics 630
[CPU profiling summary - this thread]
  Regions computed on CPU : 104
  Total compute time      : 37033.467 ms  (avg 356.091 ms/region)
[GPU profiling summary]
  Regions computed on GPU : 2728
  Total kernel time       : 33680.661 ms  (avg 12.346 ms/region)
  Total D→H memcpy time   : 84.708 ms  (avg 0.031 ms/region)
[iGPU profiling summary]
  Regions computed on iGPU : 1763
  Total kernel time        : 32981.652 ms  (avg 18.708 ms/region)
  Total D->H read time     : 22.715 ms  (avg 0.013 ms/region)
[CPU profiling summary - this thread]
  Regions computed on CPU : 120
  Total compute time      : 37162.889 ms  (avg 309.691 ms/region)
[CPU profiling summary - this thread]
  Regions computed on CPU : 133
  Total compute time      : 37165.659 ms  (avg 279.441 ms/region)
[CPU profiling summary - this thread]
  Regions computed on CPU : 89
  Total compute time      : 37375.874 ms  (avg 419.954 ms/region)
[CPU profiling summary - this thread]
  Regions computed on CPU : 115
  Total compute time      : 37416.392 ms  (avg 325.360 ms/region)
[CPU profiling summary - this thread]
  Regions computed on CPU : 109
  Total compute time      : 37593.493 ms  (avg 344.894 ms/region)
[CPU profiling summary - this thread]
  Regions computed on CPU : 133
  Total compute time      : 37651.591 ms  (avg 283.095 ms/region)
[CPU profiling summary - this thread]
  Regions computed on CPU : 122
  Total compute time      : 37688.746 ms  (avg 308.924 ms/region)
[CPU profiling summary - this thread]
  Regions computed on CPU : 91
  Total compute time      : 37743.347 ms  (avg 414.762 ms/region)
[CPU profiling summary - this thread]
  Regions computed on CPU : 101
  Total compute time      : 37931.711 ms  (avg 375.561 ms/region)
[total_elapsed_s] 37.940446
