[config] numThr=12 gpuMode=3 (CUDA=1 iGPU=1) diffT=0.100 pixT=32768 res=1920x1080 frames=100 quiet=1 save=0 viz=0 vizFrame=-1
[iGPU] enumerating OpenCL GPU devices:
         platform 0 device 0: Intel(R) UHD Graphics 630 [Intel(R) Corporation]
         platform 1 device 0: NVIDIA GeForce GTX 1660 Ti with Max-Q Design [NVIDIA Corporation]
[iGPU] selected device: Intel(R) UHD Graphics 630
[iGPU profiling summary]
  Regions computed on iGPU : 1785
  Total kernel time        : 32956.690 ms  (avg 18.463 ms/region)
  Total D->H read time     : 21.546 ms  (avg 0.012 ms/region)
[GPU profiling summary]
  Regions computed on GPU : 2669
  Total kernel time       : 34097.437 ms  (avg 12.775 ms/region)
  Total D→H memcpy time   : 76.128 ms  (avg 0.029 ms/region)
[CPU profiling summary - this thread]
  Regions computed on CPU : 82
  Total compute time      : 37684.194 ms  (avg 459.563 ms/region)
[CPU profiling summary - this thread]
  Regions computed on CPU : 119
  Total compute time      : 37797.426 ms  (avg 317.625 ms/region)
[CPU profiling summary - this thread]
  Regions computed on CPU : 123
  Total compute time      : 37799.187 ms  (avg 307.310 ms/region)
[CPU profiling summary - this thread]
  Regions computed on CPU : 118
  Total compute time      : 37905.311 ms  (avg 321.231 ms/region)
[CPU profiling summary - this thread]
  Regions computed on CPU : 151
  Total compute time      : 37985.273 ms  (avg 251.558 ms/region)
[CPU profiling summary - this thread]
  Regions computed on CPU : 101
  Total compute time      : 38030.184 ms  (avg 376.536 ms/region)
[CPU profiling summary - this thread]
  Regions computed on CPU : 108
  Total compute time      : 38079.969 ms  (avg 352.592 ms/region)
[CPU profiling summary - this thread]
  Regions computed on CPU : 141
  Total compute time      : 38255.638 ms  (avg 271.317 ms/region)
[CPU profiling summary - this thread]
  Regions computed on CPU : 93
  Total compute time      : 38411.528 ms  (avg 413.027 ms/region)
[CPU profiling summary - this thread]
  Regions computed on CPU : 118
  Total compute time      : 38535.071 ms  (avg 326.568 ms/region)
[total_elapsed_s] 38.544350
