[config] numThr=12 gpuMode=2 (CUDA=0 iGPU=1) diffT=0.100 pixT=32768 res=1920x1080 frames=100 quiet=1 save=1 viz=0 vizFrame=-1
[iGPU] enumerating OpenCL GPU devices:
         platform 0 device 0: Intel(R) UHD Graphics 630 [Intel(R) Corporation]
         platform 1 device 0: NVIDIA GeForce GTX 1660 Ti with Max-Q Design [NVIDIA Corporation]
[iGPU] selected device: Intel(R) UHD Graphics 630
[iGPU profiling summary]
  Regions computed on iGPU : 2957
  Total kernel time        : 66157.342 ms  (avg 22.373 ms/region)
  Total D->H read time     : 32.513 ms  (avg 0.011 ms/region)
[CPU profiling summary - this thread]
  Regions computed on CPU : 222
  Total compute time      : 80519.488 ms  (avg 362.700 ms/region)
[CPU profiling summary - this thread]
  Regions computed on CPU : 213
  Total compute time      : 79215.070 ms  (avg 371.902 ms/region)
[CPU profiling summary - this thread]
  Regions computed on CPU : 241
  Total compute time      : 80366.989 ms  (avg 333.473 ms/region)
[CPU profiling summary - this thread]
  Regions computed on CPU : 267
  Total compute time      : 79347.030 ms  (avg 297.180 ms/region)
[CPU profiling summary - this thread]
  Regions computed on CPU : 254
  Total compute time      : 80480.364 ms  (avg 316.852 ms/region)
[CPU profiling summary - this thread]
  Regions computed on CPU : 263
  Total compute time      : 79472.500 ms  (avg 302.177 ms/region)
[CPU profiling summary - this thread]
  Regions computed on CPU : 259
  Total compute time      : 80307.769 ms  (avg 310.069 ms/region)
[CPU profiling summary - this thread]
  Regions computed on CPU : 206
  Total compute time      : 79843.804 ms  (avg 387.591 ms/region)
[CPU profiling summary - this thread]
  Regions computed on CPU : 264
  Total compute time      : 80069.833 ms  (avg 303.295 ms/region)
[CPU profiling summary - this thread]
  Regions computed on CPU : 267
  Total compute time      : 80782.321 ms  (avg 302.556 ms/region)
[CPU profiling summary - this thread]
  Regions computed on CPU : 195
  Total compute time      : 80063.042 ms  (avg 410.580 ms/region)
[total_elapsed_s] 81.345551
