[config] numThr=12 gpuEnable=0 diffT=0.100 pixT=32768 res=1920x1080 frames=100 quiet=1 save=1 viz=0 vizFrame=-1
[OUTLIER] frame=73 depth=1 img=(0,0) px=960x540 c=[-0.511800,-0.346601]..[-0.093736,-0.599931] corners=7327/7327/7327/7327 spread=0 meanIter=7131.2 inset=97.3% cardioidBulb=0 ms=13700.3
[CPU profiling summary - this thread]
  Regions computed on CPU : 476
  Total compute time      : 156881.882 ms  (avg 329.584 ms/region)
[CPU profiling summary - this thread]
  Regions computed on CPU : 394
  Total compute time      : 157134.556 ms  (avg 398.819 ms/region)
[CPU profiling summary - this thread]
  Regions computed on CPU : 417
  Total compute time      : 157221.534 ms  (avg 377.030 ms/region)
[CPU profiling summary - this thread]
  Regions computed on CPU : 567
  Total compute time      : 160915.017 ms  (avg 283.801 ms/region)
[CPU profiling summary - this thread]
  Regions computed on CPU : 475
  Total compute time      : 160460.322 ms  (avg 337.811 ms/region)
[CPU profiling summary - this thread]
  Regions computed on CPU : 370
  Total compute time      : 158978.041 ms  (avg 429.670 ms/region)
[CPU profiling summary - this thread]
  Regions computed on CPU : 435
  Total compute time      : 161288.146 ms  (avg 370.777 ms/region)
[CPU profiling summary - this thread]
  Regions computed on CPU : 463
  Total compute time      : 159992.769 ms  (avg 345.557 ms/region)
[CPU profiling summary - this thread]
  Regions computed on CPU : 472
  Total compute time      : 159342.063 ms  (avg 337.589 ms/region)
[CPU profiling summary - this thread]
  Regions computed on CPU : 582
  Total compute time      : 161547.452 ms  (avg 277.573 ms/region)
[CPU profiling summary - this thread]
  Regions computed on CPU : 536
  Total compute time      : 161897.174 ms  (avg 302.047 ms/region)
[CPU profiling summary - this thread]
  Regions computed on CPU : 421
  Total compute time      : 161510.074 ms  (avg 383.634 ms/region)
[total_elapsed_s] 162.826915
