[config] numThr=12 gpuEnable=1 diffT=0.100 pixT=32768 res=1920x1080 frames=100 quiet=1 save=1 viz=0 vizFrame=-1
[CPU profiling summary - this thread]
  Regions computed on CPU : 447
  Total compute time      : 29633.021 ms  (avg 66.293 ms/region)
[GPU profiling summary]
  Regions computed on GPU : 1295
  Total kernel time       : 25365.844 ms  (avg 19.588 ms/region)
  Total D→H memcpy time   : 39.540 ms  (avg 0.031 ms/region)
[CPU profiling summary - this thread]
  Regions computed on CPU : 368
  Total compute time      : 28584.418 ms  (avg 77.675 ms/region)
[CPU profiling summary - this thread]
  Regions computed on CPU : 427
  Total compute time      : 28810.641 ms  (avg 67.472 ms/region)
[CPU profiling summary - this thread]
  Regions computed on CPU : 421
  Total compute time      : 29664.092 ms  (avg 70.461 ms/region)
[CPU profiling summary - this thread]
  Regions computed on CPU : 419
  Total compute time      : 29496.735 ms  (avg 70.398 ms/region)
[CPU profiling summary - this thread]
  Regions computed on CPU : 355
  Total compute time      : 28014.885 ms  (avg 78.915 ms/region)
[CPU profiling summary - this thread]
  Regions computed on CPU : 363
  Total compute time      : 29156.384 ms  (avg 80.321 ms/region)
[CPU profiling summary - this thread]
  Regions computed on CPU : 406
  Total compute time      : 28510.899 ms  (avg 70.224 ms/region)
[CPU profiling summary - this thread]
  Regions computed on CPU : 371
  Total compute time      : 28902.822 ms  (avg 77.905 ms/region)
[CPU profiling summary - this thread]
  Regions computed on CPU : 383
  Total compute time      : 28454.925 ms  (avg 74.295 ms/region)
[CPU profiling summary - this thread]
  Regions computed on CPU : 353
  Total compute time      : 28614.393 ms  (avg 81.061 ms/region)
[total_elapsed_s] 30.301758
