[config] numThr=12 gpuEnable=1 diffT=0.500 pixT=32768 res=1920x1080 frames=100 quiet=1 save=0 viz=0 vizFrame=-1
[OUTLIER] frame=73 depth=1 img=(0,0) px=960x540 c=[-0.511800,-0.346601]..[-0.093736,-0.599931] corners=7327/7327/7327/7327 spread=0 meanIter=7131.2 inset=97.3% cardioidBulb=0 ms=14785.8
[GPU profiling summary]
  Regions computed on GPU : 3980
  Total kernel time       : 47361.104 ms  (avg 11.900 ms/region)
  Total D→H memcpy time   : 165.452 ms  (avg 0.042 ms/region)
[CPU profiling summary - this thread]
  Regions computed on CPU : 87
  Total compute time      : 51637.301 ms  (avg 593.532 ms/region)
[CPU profiling summary - this thread]
  Regions computed on CPU : 139
  Total compute time      : 51731.958 ms  (avg 372.172 ms/region)
[CPU profiling summary - this thread]
  Regions computed on CPU : 119
  Total compute time      : 51914.484 ms  (avg 436.256 ms/region)
[CPU profiling summary - this thread]
  Regions computed on CPU : 199
  Total compute time      : 52018.059 ms  (avg 261.397 ms/region)
[CPU profiling summary - this thread]
  Regions computed on CPU : 114
  Total compute time      : 52034.044 ms  (avg 456.439 ms/region)
[CPU profiling summary - this thread]
  Regions computed on CPU : 141
  Total compute time      : 52031.227 ms  (avg 369.016 ms/region)
[CPU profiling summary - this thread]
  Regions computed on CPU : 127
  Total compute time      : 52164.397 ms  (avg 410.743 ms/region)
[CPU profiling summary - this thread]
  Regions computed on CPU : 176
  Total compute time      : 52249.058 ms  (avg 296.870 ms/region)
[CPU profiling summary - this thread]
  Regions computed on CPU : 119
  Total compute time      : 52308.166 ms  (avg 439.564 ms/region)
[CPU profiling summary - this thread]
  Regions computed on CPU : 161
  Total compute time      : 52466.131 ms  (avg 325.877 ms/region)
[CPU profiling summary - this thread]
  Regions computed on CPU : 129
  Total compute time      : 52492.374 ms  (avg 406.918 ms/region)
[total_elapsed_s] 52.506715
