[config] numThr=12 gpuEnable=1 diffT=0.500 pixT=32768 res=1920x1080 frames=100 quiet=1 save=1
[GPU profiling summary]
  Regions computed on GPU : 3779
  Total kernel time       : 48087.063 ms  (avg 12.725 ms/region)
  Total D→H memcpy time   : 147.327 ms  (avg 0.039 ms/region)
[CPU profiling summary - this thread]
  Regions computed on CPU : 149
  Total compute time      : 51868.764 ms  (avg 348.113 ms/region)
[CPU profiling summary - this thread]
  Regions computed on CPU : 146
  Total compute time      : 52078.183 ms  (avg 356.700 ms/region)
[CPU profiling summary - this thread]
  Regions computed on CPU : 105
  Total compute time      : 52132.676 ms  (avg 496.502 ms/region)
[CPU profiling summary - this thread]
  Regions computed on CPU : 151
  Total compute time      : 52087.427 ms  (avg 344.950 ms/region)
[CPU profiling summary - this thread]
  Regions computed on CPU : 138
  Total compute time      : 52369.662 ms  (avg 379.490 ms/region)
[CPU profiling summary - this thread]
  Regions computed on CPU : 72
  Total compute time      : 52316.992 ms  (avg 726.625 ms/region)
[CPU profiling summary - this thread]
  Regions computed on CPU : 117
  Total compute time      : 51803.422 ms  (avg 442.764 ms/region)
[CPU profiling summary - this thread]
  Regions computed on CPU : 116
  Total compute time      : 52589.927 ms  (avg 453.361 ms/region)
[CPU profiling summary - this thread]
  Regions computed on CPU : 105
  Total compute time      : 53513.417 ms  (avg 509.652 ms/region)
[CPU profiling summary - this thread]
  Regions computed on CPU : 197
  Total compute time      : 54022.332 ms  (avg 274.225 ms/region)
[CPU profiling summary - this thread]
  Regions computed on CPU : 77
  Total compute time      : 53463.016 ms  (avg 694.325 ms/region)
[total_elapsed_s] 54.521073
