[config] numThr=12 gpuEnable=1 diffT=0.100 pixT=32768 res=1920x1080 frames=100 quiet=1 save=0 viz=0 vizFrame=-1
[OUTLIER] frame=73 depth=1 img=(0,0) px=960x540 c=[-0.511800,-0.346601]..[-0.093736,-0.599931] corners=7327/7327/7327/7327 spread=0 meanIter=7131.2 inset=97.3% cardioidBulb=0 ms=14903.2
[CPU profiling summary - this thread]
  Regions computed on CPU : 141
  Total compute time      : 51293.955 ms  (avg 363.787 ms/region)
[GPU profiling summary]
  Regions computed on GPU : 4216
  Total kernel time       : 47128.140 ms  (avg 11.178 ms/region)
  Total D→H memcpy time   : 150.747 ms  (avg 0.036 ms/region)
[CPU profiling summary - this thread]
  Regions computed on CPU : 110
  Total compute time      : 51533.244 ms  (avg 468.484 ms/region)
[CPU profiling summary - this thread]
  Regions computed on CPU : 116
  Total compute time      : 51572.216 ms  (avg 444.588 ms/region)
[CPU profiling summary - this thread]
  Regions computed on CPU : 132
  Total compute time      : 51617.140 ms  (avg 391.039 ms/region)
[CPU profiling summary - this thread]
  Regions computed on CPU : 100
  Total compute time      : 51752.233 ms  (avg 517.522 ms/region)
[CPU profiling summary - this thread]
  Regions computed on CPU : 145
  Total compute time      : 51778.085 ms  (avg 357.090 ms/region)
[CPU profiling summary - this thread]
  Regions computed on CPU : 119
  Total compute time      : 51867.158 ms  (avg 435.858 ms/region)
[CPU profiling summary - this thread]
  Regions computed on CPU : 142
  Total compute time      : 52086.548 ms  (avg 366.807 ms/region)
[CPU profiling summary - this thread]
  Regions computed on CPU : 112
  Total compute time      : 52145.820 ms  (avg 465.588 ms/region)
[CPU profiling summary - this thread]
  Regions computed on CPU : 166
  Total compute time      : 52166.110 ms  (avg 314.254 ms/region)
[CPU profiling summary - this thread]
  Regions computed on CPU : 109
  Total compute time      : 52251.340 ms  (avg 479.370 ms/region)
[total_elapsed_s] 52.266388
